2025-07-08T00:20:32.739Z  INFO 1 --- [AiCareerChatBot] [main] A.demo.AiCareerChatBotApplication        : Starting AiCareerChatBotApplication v0.0.1-SNAPSHOT using Java 17.0.15 with PID 1 (/app/app.jar started by root in /app)
2025-07-08T00:20:32.756Z  INFO 1 --- [AiCareerChatBot] [main] A.demo.AiCareerChatBotApplication        : The following 1 profile is active: "prod"
2025-07-08T00:20:33.630Z  INFO 1 --- [AiCareerChatBot] [main] .s.d.r.c.RepositoryConfigurationDelegate : Multiple Spring Data modules found, entering strict repository configuration mode
2025-07-08T00:20:33.634Z  INFO 1 --- [AiCareerChatBot] [main] .s.d.r.c.RepositoryConfigurationDelegate : Bootstrapping Spring Data JPA repositories in DEFAULT mode.
2025-07-08T00:20:33.751Z  INFO 1 --- [AiCareerChatBot] [main] .s.d.r.c.RepositoryConfigurationDelegate : Finished Spring Data repository scanning in 106 ms. Found 1 JPA repository interface.
2025-07-08T00:20:33.776Z  INFO 1 --- [AiCareerChatBot] [main] .s.d.r.c.RepositoryConfigurationDelegate : Multiple Spring Data modules found, entering strict repository configuration mode
2025-07-08T00:20:33.777Z  INFO 1 --- [AiCareerChatBot] [main] .s.d.r.c.RepositoryConfigurationDelegate : Bootstrapping Spring Data Redis repositories in DEFAULT mode.
2025-07-08T00:20:33.793Z  INFO 1 --- [AiCareerChatBot] [main] .RepositoryConfigurationExtensionSupport : Spring Data Redis - Could not safely identify store assignment for repository candidate interface AiCareerChatBot.demo.repository.UserRepository; If you want this repository to be a Redis repository, consider annotating your entities with one of these annotations: org.springframework.data.redis.core.RedisHash (preferred), or consider extending one of the following types with your repository: org.springframework.data.keyvalue.repository.KeyValueRepository
2025-07-08T00:20:33.794Z  INFO 1 --- [AiCareerChatBot] [main] .s.d.r.c.RepositoryConfigurationDelegate : Finished Spring Data repository scanning in 5 ms. Found 0 Redis repository interfaces.
2025-07-08T00:20:34.445Z  INFO 1 --- [AiCareerChatBot] [main] o.s.b.w.embedded.tomcat.TomcatWebServer  : Tomcat initialized with port 8080 (http)
2025-07-08T00:20:34.472Z  INFO 1 --- [AiCareerChatBot] [main] o.apache.catalina.core.StandardService   : Starting service [Tomcat]
2025-07-08T00:20:34.473Z  INFO 1 --- [AiCareerChatBot] [main] o.apache.catalina.core.StandardEngine    : Starting Servlet engine: [Apache Tomcat/10.1.42]
2025-07-08T00:20:34.510Z  INFO 1 --- [AiCareerChatBot] [main] o.a.c.c.C.[Tomcat].[localhost].[/]       : Initializing Spring embedded WebApplicationContext
2025-07-08T00:20:34.511Z  INFO 1 --- [AiCareerChatBot] [main] w.s.c.ServletWebServerApplicationContext : Root WebApplicationContext: initialization completed in 1711 ms
2025-07-08T00:20:34.679Z  INFO 1 --- [AiCareerChatBot] [main] o.hibernate.jpa.internal.util.LogHelper  : HHH000204: Processing PersistenceUnitInfo [name: default]
2025-07-08T00:20:34.769Z  INFO 1 --- [AiCareerChatBot] [main] org.hibernate.Version                    : HHH000412: Hibernate ORM core version 6.6.18.Final
2025-07-08T00:20:34.828Z  INFO 1 --- [AiCareerChatBot] [main] o.h.c.internal.RegionFactoryInitiator    : HHH000026: Second-level cache disabled
2025-07-08T00:20:35.163Z  INFO 1 --- [AiCareerChatBot] [main] o.s.o.j.p.SpringPersistenceUnitInfo      : No LoadTimeWeaver setup: ignoring JPA class transformer
2025-07-08T00:20:35.196Z  INFO 1 --- [AiCareerChatBot] [main] com.zaxxer.hikari.HikariDataSource       : HikariPool-1 - Starting...
2025-07-08T00:20:35.289Z  INFO 1 --- [AiCareerChatBot] [main] com.zaxxer.hikari.pool.HikariPool        : HikariPool-1 - Added connection org.mariadb.jdbc.Connection@618f627b
2025-07-08T00:20:35.291Z  INFO 1 --- [AiCareerChatBot] [main] com.zaxxer.hikari.HikariDataSource       : HikariPool-1 - Start completed.
2025-07-08T00:20:35.315Z  WARN 1 --- [AiCareerChatBot] [main] org.hibernate.orm.deprecation            : HHH90000025: MariaDBDialect does not need to be specified explicitly using 'hibernate.dialect' (remove the property setting and it will be selected by default)
2025-07-08T00:20:35.332Z  INFO 1 --- [AiCareerChatBot] [main] org.hibernate.orm.connections.pooling    : HHH10001005: Database info:
	Database JDBC URL [Connecting through datasource 'HikariDataSource (HikariPool-1)']
	Database driver: undefined/unknown
	Database version: 11.4.7
	Autocommit mode: undefined/unknown
	Isolation level: undefined/unknown
	Minimum pool size: undefined/unknown
	Maximum pool size: undefined/unknown
2025-07-08T00:20:36.135Z  INFO 1 --- [AiCareerChatBot] [main] o.h.e.t.j.p.i.JtaPlatformInitiator       : HHH000489: No JTA platform available (set 'hibernate.transaction.jta.platform' to enable JTA platform integration)
2025-07-08T00:20:36.173Z  INFO 1 --- [AiCareerChatBot] [main] j.LocalContainerEntityManagerFactoryBean : Initialized JPA EntityManagerFactory for persistence unit 'default'
2025-07-08T00:20:37.145Z  WARN 1 --- [AiCareerChatBot] [main] JpaBaseConfiguration$JpaWebConfiguration : spring.jpa.open-in-view is enabled by default. Therefore, database queries may be performed during view rendering. Explicitly configure spring.jpa.open-in-view to disable this warning
2025-07-08T00:20:38.121Z  INFO 1 --- [AiCareerChatBot] [main] o.s.b.w.embedded.tomcat.TomcatWebServer  : Tomcat started on port 8080 (http) with context path '/'
2025-07-08T00:20:38.146Z  INFO 1 --- [AiCareerChatBot] [main] A.demo.AiCareerChatBotApplication        : Started AiCareerChatBotApplication in 5.972 seconds (process running for 6.599)
2025-07-08T00:20:58.388Z  INFO 1 --- [AiCareerChatBot] [http-nio-8080-exec-1] o.a.c.c.C.[Tomcat].[localhost].[/]       : Initializing Spring DispatcherServlet 'dispatcherServlet'
2025-07-08T00:20:58.388Z  INFO 1 --- [AiCareerChatBot] [http-nio-8080-exec-1] o.s.web.servlet.DispatcherServlet        : Initializing Servlet 'dispatcherServlet'
2025-07-08T00:20:58.390Z  INFO 1 --- [AiCareerChatBot] [http-nio-8080-exec-1] o.s.web.servlet.DispatcherServlet        : Completed initialization in 1 ms
2025-07-08T00:21:27.301Z  INFO 1 --- [AiCareerChatBot] [http-nio-8080-exec-2] A.demo.service.AuthService               : 사용자 로그인 성공: test
2025-07-08T00:23:59.937Z  INFO 1 --- [AiCareerChatBot] [SpringApplicationShutdownHook] o.s.b.w.e.tomcat.GracefulShutdown        : Commencing graceful shutdown. Waiting for active requests to complete
2025-07-08T00:23:59.942Z  INFO 1 --- [AiCareerChatBot] [tomcat-shutdown] o.s.b.w.e.tomcat.GracefulShutdown        : Graceful shutdown complete
2025-07-08T00:23:59.977Z  INFO 1 --- [AiCareerChatBot] [SpringApplicationShutdownHook] j.LocalContainerEntityManagerFactoryBean : Closing JPA EntityManagerFactory for persistence unit 'default'
2025-07-08T00:23:59.980Z  INFO 1 --- [AiCareerChatBot] [SpringApplicationShutdownHook] com.zaxxer.hikari.HikariDataSource       : HikariPool-1 - Shutdown initiated...
2025-07-08T00:23:59.985Z  INFO 1 --- [AiCareerChatBot] [SpringApplicationShutdownHook] com.zaxxer.hikari.HikariDataSource       : HikariPool-1 - Shutdown completed.
2025-07-08T00:24:02.499Z  INFO 1 --- [AiCareerChatBot] [main] A.demo.AiCareerChatBotApplication        : Starting AiCareerChatBotApplication v0.0.1-SNAPSHOT using Java 17.0.15 with PID 1 (/app/app.jar started by root in /app)
2025-07-08T00:24:02.502Z  INFO 1 --- [AiCareerChatBot] [main] A.demo.AiCareerChatBotApplication        : The following 1 profile is active: "prod"
2025-07-08T00:24:03.300Z  INFO 1 --- [AiCareerChatBot] [main] .s.d.r.c.RepositoryConfigurationDelegate : Multiple Spring Data modules found, entering strict repository configuration mode
2025-07-08T00:24:03.302Z  INFO 1 --- [AiCareerChatBot] [main] .s.d.r.c.RepositoryConfigurationDelegate : Bootstrapping Spring Data JPA repositories in DEFAULT mode.
2025-07-08T00:24:03.415Z  INFO 1 --- [AiCareerChatBot] [main] .s.d.r.c.RepositoryConfigurationDelegate : Finished Spring Data repository scanning in 104 ms. Found 1 JPA repository interface.
2025-07-08T00:24:03.429Z  INFO 1 --- [AiCareerChatBot] [main] .s.d.r.c.RepositoryConfigurationDelegate : Multiple Spring Data modules found, entering strict repository configuration mode
2025-07-08T00:24:03.430Z  INFO 1 --- [AiCareerChatBot] [main] .s.d.r.c.RepositoryConfigurationDelegate : Bootstrapping Spring Data Redis repositories in DEFAULT mode.
2025-07-08T00:24:03.443Z  INFO 1 --- [AiCareerChatBot] [main] .RepositoryConfigurationExtensionSupport : Spring Data Redis - Could not safely identify store assignment for repository candidate interface AiCareerChatBot.demo.repository.UserRepository; If you want this repository to be a Redis repository, consider annotating your entities with one of these annotations: org.springframework.data.redis.core.RedisHash (preferred), or consider extending one of the following types with your repository: org.springframework.data.keyvalue.repository.KeyValueRepository
2025-07-08T00:24:03.443Z  INFO 1 --- [AiCareerChatBot] [main] .s.d.r.c.RepositoryConfigurationDelegate : Finished Spring Data repository scanning in 4 ms. Found 0 Redis repository interfaces.
2025-07-08T00:24:03.974Z  INFO 1 --- [AiCareerChatBot] [main] o.s.b.w.embedded.tomcat.TomcatWebServer  : Tomcat initialized with port 8080 (http)
2025-07-08T00:24:03.988Z  INFO 1 --- [AiCareerChatBot] [main] o.apache.catalina.core.StandardService   : Starting service [Tomcat]
2025-07-08T00:24:03.989Z  INFO 1 --- [AiCareerChatBot] [main] o.apache.catalina.core.StandardEngine    : Starting Servlet engine: [Apache Tomcat/10.1.42]
2025-07-08T00:24:04.025Z  INFO 1 --- [AiCareerChatBot] [main] o.a.c.c.C.[Tomcat].[localhost].[/]       : Initializing Spring embedded WebApplicationContext
2025-07-08T00:24:04.026Z  INFO 1 --- [AiCareerChatBot] [main] w.s.c.ServletWebServerApplicationContext : Root WebApplicationContext: initialization completed in 1483 ms
2025-07-08T00:24:04.157Z  INFO 1 --- [AiCareerChatBot] [main] o.hibernate.jpa.internal.util.LogHelper  : HHH000204: Processing PersistenceUnitInfo [name: default]
2025-07-08T00:24:04.215Z  INFO 1 --- [AiCareerChatBot] [main] org.hibernate.Version                    : HHH000412: Hibernate ORM core version 6.6.18.Final
2025-07-08T00:24:04.249Z  INFO 1 --- [AiCareerChatBot] [main] o.h.c.internal.RegionFactoryInitiator    : HHH000026: Second-level cache disabled
2025-07-08T00:24:04.463Z  INFO 1 --- [AiCareerChatBot] [main] o.s.o.j.p.SpringPersistenceUnitInfo      : No LoadTimeWeaver setup: ignoring JPA class transformer
2025-07-08T00:24:04.490Z  INFO 1 --- [AiCareerChatBot] [main] com.zaxxer.hikari.HikariDataSource       : HikariPool-1 - Starting...
2025-07-08T00:24:04.556Z  INFO 1 --- [AiCareerChatBot] [main] com.zaxxer.hikari.pool.HikariPool        : HikariPool-1 - Added connection org.mariadb.jdbc.Connection@175f859e
2025-07-08T00:24:04.558Z  INFO 1 --- [AiCareerChatBot] [main] com.zaxxer.hikari.HikariDataSource       : HikariPool-1 - Start completed.
2025-07-08T00:24:04.581Z  WARN 1 --- [AiCareerChatBot] [main] org.hibernate.orm.deprecation            : HHH90000025: MariaDBDialect does not need to be specified explicitly using 'hibernate.dialect' (remove the property setting and it will be selected by default)
2025-07-08T00:24:04.595Z  INFO 1 --- [AiCareerChatBot] [main] org.hibernate.orm.connections.pooling    : HHH10001005: Database info:
	Database JDBC URL [Connecting through datasource 'HikariDataSource (HikariPool-1)']
	Database driver: undefined/unknown
	Database version: 11.4.7
	Autocommit mode: undefined/unknown
	Isolation level: undefined/unknown
	Minimum pool size: undefined/unknown
	Maximum pool size: undefined/unknown
2025-07-08T00:24:05.138Z  INFO 1 --- [AiCareerChatBot] [main] o.h.e.t.j.p.i.JtaPlatformInitiator       : HHH000489: No JTA platform available (set 'hibernate.transaction.jta.platform' to enable JTA platform integration)
2025-07-08T00:24:05.174Z  INFO 1 --- [AiCareerChatBot] [main] j.LocalContainerEntityManagerFactoryBean : Initialized JPA EntityManagerFactory for persistence unit 'default'
2025-07-08T00:24:06.010Z  WARN 1 --- [AiCareerChatBot] [main] JpaBaseConfiguration$JpaWebConfiguration : spring.jpa.open-in-view is enabled by default. Therefore, database queries may be performed during view rendering. Explicitly configure spring.jpa.open-in-view to disable this warning
2025-07-08T00:24:06.981Z  INFO 1 --- [AiCareerChatBot] [main] o.s.b.w.embedded.tomcat.TomcatWebServer  : Tomcat started on port 8080 (http) with context path '/'
2025-07-08T00:24:07.016Z  INFO 1 --- [AiCareerChatBot] [main] A.demo.AiCareerChatBotApplication        : Started AiCareerChatBotApplication in 5.051 seconds (process running for 5.545)
2025-07-08T00:24:38.443Z  INFO 1 --- [AiCareerChatBot] [http-nio-8080-exec-1] o.a.c.c.C.[Tomcat].[localhost].[/]       : Initializing Spring DispatcherServlet 'dispatcherServlet'
2025-07-08T00:24:38.444Z  INFO 1 --- [AiCareerChatBot] [http-nio-8080-exec-1] o.s.web.servlet.DispatcherServlet        : Initializing Servlet 'dispatcherServlet'
2025-07-08T00:24:38.445Z  INFO 1 --- [AiCareerChatBot] [http-nio-8080-exec-1] o.s.web.servlet.DispatcherServlet        : Completed initialization in 1 ms
2025-07-08T00:26:09.245Z  INFO 1 --- [AiCareerChatBot] [SpringApplicationShutdownHook] o.s.b.w.e.tomcat.GracefulShutdown        : Commencing graceful shutdown. Waiting for active requests to complete
2025-07-08T00:26:09.247Z  INFO 1 --- [AiCareerChatBot] [tomcat-shutdown] o.s.b.w.e.tomcat.GracefulShutdown        : Graceful shutdown complete
2025-07-08T00:26:09.269Z  INFO 1 --- [AiCareerChatBot] [SpringApplicationShutdownHook] j.LocalContainerEntityManagerFactoryBean : Closing JPA EntityManagerFactory for persistence unit 'default'
2025-07-08T00:26:09.273Z  INFO 1 --- [AiCareerChatBot] [SpringApplicationShutdownHook] com.zaxxer.hikari.HikariDataSource       : HikariPool-1 - Shutdown initiated...
2025-07-08T00:26:09.280Z  INFO 1 --- [AiCareerChatBot] [SpringApplicationShutdownHook] com.zaxxer.hikari.HikariDataSource       : HikariPool-1 - Shutdown completed.
2025-07-08T00:26:11.774Z  INFO 1 --- [AiCareerChatBot] [main] A.demo.AiCareerChatBotApplication        : Starting AiCareerChatBotApplication v0.0.1-SNAPSHOT using Java 17.0.15 with PID 1 (/app/app.jar started by root in /app)
2025-07-08T00:26:11.776Z  INFO 1 --- [AiCareerChatBot] [main] A.demo.AiCareerChatBotApplication        : The following 1 profile is active: "prod"
2025-07-08T00:26:12.544Z  INFO 1 --- [AiCareerChatBot] [main] .s.d.r.c.RepositoryConfigurationDelegate : Multiple Spring Data modules found, entering strict repository configuration mode
2025-07-08T00:26:12.546Z  INFO 1 --- [AiCareerChatBot] [main] .s.d.r.c.RepositoryConfigurationDelegate : Bootstrapping Spring Data JPA repositories in DEFAULT mode.
2025-07-08T00:26:12.673Z  INFO 1 --- [AiCareerChatBot] [main] .s.d.r.c.RepositoryConfigurationDelegate : Finished Spring Data repository scanning in 112 ms. Found 1 JPA repository interface.
2025-07-08T00:26:12.688Z  INFO 1 --- [AiCareerChatBot] [main] .s.d.r.c.RepositoryConfigurationDelegate : Multiple Spring Data modules found, entering strict repository configuration mode
2025-07-08T00:26:12.689Z  INFO 1 --- [AiCareerChatBot] [main] .s.d.r.c.RepositoryConfigurationDelegate : Bootstrapping Spring Data Redis repositories in DEFAULT mode.
2025-07-08T00:26:12.703Z  INFO 1 --- [AiCareerChatBot] [main] .RepositoryConfigurationExtensionSupport : Spring Data Redis - Could not safely identify store assignment for repository candidate interface AiCareerChatBot.demo.repository.UserRepository; If you want this repository to be a Redis repository, consider annotating your entities with one of these annotations: org.springframework.data.redis.core.RedisHash (preferred), or consider extending one of the following types with your repository: org.springframework.data.keyvalue.repository.KeyValueRepository
2025-07-08T00:26:12.704Z  INFO 1 --- [AiCareerChatBot] [main] .s.d.r.c.RepositoryConfigurationDelegate : Finished Spring Data repository scanning in 4 ms. Found 0 Redis repository interfaces.
2025-07-08T00:26:13.268Z  INFO 1 --- [AiCareerChatBot] [main] o.s.b.w.embedded.tomcat.TomcatWebServer  : Tomcat initialized with port 8080 (http)
2025-07-08T00:26:13.283Z  INFO 1 --- [AiCareerChatBot] [main] o.apache.catalina.core.StandardService   : Starting service [Tomcat]
2025-07-08T00:26:13.284Z  INFO 1 --- [AiCareerChatBot] [main] o.apache.catalina.core.StandardEngine    : Starting Servlet engine: [Apache Tomcat/10.1.42]
2025-07-08T00:26:13.326Z  INFO 1 --- [AiCareerChatBot] [main] o.a.c.c.C.[Tomcat].[localhost].[/]       : Initializing Spring embedded WebApplicationContext
2025-07-08T00:26:13.327Z  INFO 1 --- [AiCareerChatBot] [main] w.s.c.ServletWebServerApplicationContext : Root WebApplicationContext: initialization completed in 1504 ms
2025-07-08T00:26:13.482Z  INFO 1 --- [AiCareerChatBot] [main] o.hibernate.jpa.internal.util.LogHelper  : HHH000204: Processing PersistenceUnitInfo [name: default]
2025-07-08T00:26:13.547Z  INFO 1 --- [AiCareerChatBot] [main] org.hibernate.Version                    : HHH000412: Hibernate ORM core version 6.6.18.Final
2025-07-08T00:26:13.596Z  INFO 1 --- [AiCareerChatBot] [main] o.h.c.internal.RegionFactoryInitiator    : HHH000026: Second-level cache disabled
2025-07-08T00:26:13.847Z  INFO 1 --- [AiCareerChatBot] [main] o.s.o.j.p.SpringPersistenceUnitInfo      : No LoadTimeWeaver setup: ignoring JPA class transformer
2025-07-08T00:26:13.872Z  INFO 1 --- [AiCareerChatBot] [main] com.zaxxer.hikari.HikariDataSource       : HikariPool-1 - Starting...
2025-07-08T00:26:13.939Z  INFO 1 --- [AiCareerChatBot] [main] com.zaxxer.hikari.pool.HikariPool        : HikariPool-1 - Added connection org.mariadb.jdbc.Connection@66ab924
2025-07-08T00:26:13.941Z  INFO 1 --- [AiCareerChatBot] [main] com.zaxxer.hikari.HikariDataSource       : HikariPool-1 - Start completed.
2025-07-08T00:26:13.962Z  WARN 1 --- [AiCareerChatBot] [main] org.hibernate.orm.deprecation            : HHH90000025: MariaDBDialect does not need to be specified explicitly using 'hibernate.dialect' (remove the property setting and it will be selected by default)
2025-07-08T00:26:13.975Z  INFO 1 --- [AiCareerChatBot] [main] org.hibernate.orm.connections.pooling    : HHH10001005: Database info:
	Database JDBC URL [Connecting through datasource 'HikariDataSource (HikariPool-1)']
	Database driver: undefined/unknown
	Database version: 11.4.7
	Autocommit mode: undefined/unknown
	Isolation level: undefined/unknown
	Minimum pool size: undefined/unknown
	Maximum pool size: undefined/unknown
2025-07-08T00:26:14.545Z  INFO 1 --- [AiCareerChatBot] [main] o.h.e.t.j.p.i.JtaPlatformInitiator       : HHH000489: No JTA platform available (set 'hibernate.transaction.jta.platform' to enable JTA platform integration)
2025-07-08T00:26:14.578Z  INFO 1 --- [AiCareerChatBot] [main] j.LocalContainerEntityManagerFactoryBean : Initialized JPA EntityManagerFactory for persistence unit 'default'
2025-07-08T00:26:15.224Z  WARN 1 --- [AiCareerChatBot] [main] JpaBaseConfiguration$JpaWebConfiguration : spring.jpa.open-in-view is enabled by default. Therefore, database queries may be performed during view rendering. Explicitly configure spring.jpa.open-in-view to disable this warning
2025-07-08T00:26:16.123Z  INFO 1 --- [AiCareerChatBot] [main] o.s.b.w.embedded.tomcat.TomcatWebServer  : Tomcat started on port 8080 (http) with context path '/'
2025-07-08T00:26:16.146Z  INFO 1 --- [AiCareerChatBot] [main] A.demo.AiCareerChatBotApplication        : Started AiCareerChatBotApplication in 4.901 seconds (process running for 5.433)
2025-07-08T00:26:32.624Z  INFO 1 --- [AiCareerChatBot] [http-nio-8080-exec-1] o.a.c.c.C.[Tomcat].[localhost].[/]       : Initializing Spring DispatcherServlet 'dispatcherServlet'
2025-07-08T00:26:32.625Z  INFO 1 --- [AiCareerChatBot] [http-nio-8080-exec-1] o.s.web.servlet.DispatcherServlet        : Initializing Servlet 'dispatcherServlet'
2025-07-08T00:26:32.627Z  INFO 1 --- [AiCareerChatBot] [http-nio-8080-exec-1] o.s.web.servlet.DispatcherServlet        : Completed initialization in 1 ms
2025-07-08T00:29:22.724Z  INFO 1 --- [AiCareerChatBot] [SpringApplicationShutdownHook] o.s.b.w.e.tomcat.GracefulShutdown        : Commencing graceful shutdown. Waiting for active requests to complete
2025-07-08T00:29:22.731Z  INFO 1 --- [AiCareerChatBot] [tomcat-shutdown] o.s.b.w.e.tomcat.GracefulShutdown        : Graceful shutdown complete
2025-07-08T00:29:22.760Z  INFO 1 --- [AiCareerChatBot] [SpringApplicationShutdownHook] j.LocalContainerEntityManagerFactoryBean : Closing JPA EntityManagerFactory for persistence unit 'default'
2025-07-08T00:29:22.763Z  INFO 1 --- [AiCareerChatBot] [SpringApplicationShutdownHook] com.zaxxer.hikari.HikariDataSource       : HikariPool-1 - Shutdown initiated...
2025-07-08T00:29:22.767Z  INFO 1 --- [AiCareerChatBot] [SpringApplicationShutdownHook] com.zaxxer.hikari.HikariDataSource       : HikariPool-1 - Shutdown completed.
